<?xml version="1.0" encoding="UTF-8"?>
<!-- Generated by org.testng.reporters.JUnitReportReporter -->
<testsuite name="com.framework.testcases.LoginToApp" tests="1" time="5.268" ignored="0" failures="0" timestamp="06 Nov 2019 10:34:31 GMT" skipped="0" hostname="DESKTOP-VHUR96K" errors="0">
  <testcase name="login" time="5.268" classname="com.framework.testcases.LoginToApp"/>
</testsuite> <!-- com.framework.testcases.LoginToApp -->
