<?xml version="1.0" encoding="UTF-8"?>
<!-- Generated by org.testng.reporters.JUnitReportReporter -->
<testsuite hostname="DESKTOP-VHUR96K" name="com.framework.testcases.abc" tests="1" failures="0" timestamp="5 Nov 2019 10:13:13 GMT" time="10.664" errors="0">
  <testcase name="login" time="10.664" classname="com.framework.testcases.abc"/>
</testsuite> <!-- com.framework.testcases.abc -->
